<?xml version="1.0" encoding="UTF-8"?>
<testsuite name="lt.itakademija.GradedSuiteIT" time="2.812" tests="14" errors="0" skipped="0" failures="0">
  <properties>
[...]
</properties>
  <testcase name="securityEventsRepositoryReturnsAllRegisteredEventCorrectly" classname="lt.itakademija.JavaCodingTask" time="0.358"/>
  <testcase name="dateProviderWorksCorrectly" classname="lt.itakademija.JavaCodingTask" time="0.003"/>
  <testcase name="securityEventsRepositoryDeletesEventCorrectly" classname="lt.itakademija.JavaCodingTask" time="0.002"/>
  <testcase name="securityEventsRepositoryCreatesEventCorrectly" classname="lt.itakademija.JavaCodingTask" time="0.01"/>
  <testcase name="sequenceNumberGeneratorWorksCorrectly" classname="lt.itakademija.JavaCodingTask" time="0.002"/>
  <testcase name="securityEventsRepositoryUpdatesEventCorrectly" classname="lt.itakademija.JavaCodingTask" time="0.001"/>
  <testcase name="securityServiceControllerIsSpringComponent" classname="lt.itakademija.SpringConfigurationTask" time="0.016"/>
  <testcase name="sequenceNumberGeneratorIsSpringComponent" classname="lt.itakademija.SpringConfigurationTask" time="0.008"/>
  <testcase name="dateTimeProviderIsSpringComponent" classname="lt.itakademija.SpringConfigurationTask" time="0.007"/>
  <testcase name="securityEventsRepositoryIsSpringComponent" classname="lt.itakademija.SpringConfigurationTask" time="0.011"/>
  <testcase name="eventCreateOperationEnsuresThatRequiredDataIsPresent" classname="lt.itakademija.RestServicesTask" time="1.609"/>
  <testcase name="eventUpdateOperationEnsuresThatRequiredDataIsPresent" classname="lt.itakademija.RestServicesTask" time="0.09"/>
  <testcase name="registersEventsThenChangesSeverityLevelForEachEventAndDeletesEachEvent" classname="lt.itakademija.RestServicesTask" time="0.503"/>
  <testcase name="swaggerDocIsPublished" classname="lt.itakademija.SwaggerDocTask" time="0.192"/>
</testsuite>